2019-01-06 23:27:38,934 - BrowserEngine - INFO - You had select Firefox browser.
2019-01-06 23:27:38,937 - BrowserEngine - INFO - The test server url is: https://www.baidu.com
2019-01-06 23:27:53,803 - BrowserEngine - INFO - Starting firefox browser.
2019-01-06 23:27:58,605 - BrowserEngine - INFO - Open url: https://www.baidu.com
2019-01-06 23:27:58,664 - BrowserEngine - INFO - Maximize the current window.
2019-01-06 23:27:58,700 - BrowserEngine - INFO - Set implicitly wait 10 seconds.
2019-01-06 23:27:58,901 - BasePage - INFO - Had find the element '  ' successful by id via value: kw 
2019-01-06 23:27:59,848 - BasePage - INFO - Had type ' selenium ' in inputBox
2019-01-06 23:28:01,352 - BasePage - INFO - Had find the element '  ' successful by xpath via value: //*[@id='su'] 
2019-01-06 23:28:02,460 - BasePage - INFO - The element '  ' was clicked.
2019-01-06 23:28:05,724 - BasePage - INFO - Had take screenshot and save to folder : /screenshots
2019-01-06 23:28:05,752 - BasePage - INFO - Current page title is selenium_百度搜索
2019-01-06 23:28:05,881 - BasePage - INFO - Had find the element '  ' successful by id via value: kw 
2019-01-06 23:28:06,249 - BasePage - INFO - Had type ' python ' in inputBox
2019-01-06 23:28:06,569 - BasePage - INFO - Had find the element '  ' successful by xpath via value: //*[@id='su'] 
2019-01-06 23:28:06,918 - BasePage - INFO - The element '  ' was clicked.
2019-01-06 23:28:10,243 - BasePage - INFO - Had take screenshot and save to folder : /screenshots
2019-01-06 23:28:11,118 - BrowserEngine - INFO - You had select Firefox browser.
2019-01-06 23:28:11,118 - BrowserEngine - INFO - The test server url is: https://www.baidu.com
2019-01-06 23:28:25,283 - BrowserEngine - INFO - Starting firefox browser.
2019-01-06 23:28:29,453 - BrowserEngine - INFO - Open url: https://www.baidu.com
2019-01-06 23:28:29,470 - BrowserEngine - INFO - Maximize the current window.
2019-01-06 23:28:29,483 - BrowserEngine - INFO - Set implicitly wait 10 seconds.
2019-01-06 23:28:29,500 - BasePage - INFO - Current page title is 百度一下，你就知道
