2019-01-06 23:13:30,602 - BrowserEngine - INFO - You had select Firefox browser.
2019-01-06 23:13:30,602 - BrowserEngine - INFO - The test server url is: https://www.baidu.com
2019-01-06 23:13:45,990 - BrowserEngine - INFO - Starting firefox browser.
2019-01-06 23:13:50,940 - BrowserEngine - INFO - Open url: https://www.baidu.com
2019-01-06 23:13:51,467 - BrowserEngine - INFO - Maximize the current window.
2019-01-06 23:13:51,507 - BrowserEngine - INFO - Set implicitly wait 10 seconds.
2019-01-06 23:13:51,760 - BasePage - INFO - Had find the element '  ' successful by id via value: kw 
2019-01-06 23:13:52,951 - BasePage - INFO - Had type ' selenium ' in inputBox
2019-01-06 23:13:54,492 - BasePage - INFO - Had find the element '  ' successful by xpath via value: //*[@id='su'] 
2019-01-06 23:13:55,809 - BasePage - INFO - The element '  ' was clicked.
2019-01-06 23:13:58,717 - BasePage - INFO - Had take screenshot and save to folder : /screenshots
2019-01-06 23:13:58,749 - BasePage - INFO - Current page title is selenium_百度搜索
2019-01-06 23:13:58,842 - BasePage - INFO - Had find the element '  ' successful by id via value: kw 
2019-01-06 23:13:59,466 - BasePage - INFO - Had type ' python ' in inputBox
2019-01-06 23:13:59,871 - BasePage - INFO - Had find the element '  ' successful by xpath via value: //*[@id='su'] 
2019-01-06 23:14:00,276 - BasePage - INFO - The element '  ' was clicked.
2019-01-06 23:14:04,677 - BasePage - INFO - Had take screenshot and save to folder : /screenshots
2019-01-06 23:14:05,723 - BrowserEngine - INFO - You had select Firefox browser.
2019-01-06 23:14:05,723 - BrowserEngine - INFO - The test server url is: https://www.baidu.com
2019-01-06 23:14:22,121 - BrowserEngine - INFO - Starting firefox browser.
2019-01-06 23:14:24,950 - BrowserEngine - INFO - Open url: https://www.baidu.com
2019-01-06 23:14:25,019 - BrowserEngine - INFO - Maximize the current window.
2019-01-06 23:14:25,065 - BrowserEngine - INFO - Set implicitly wait 10 seconds.
2019-01-06 23:14:25,111 - BasePage - INFO - Current page title is 百度一下，你就知道
